<?xml version="1.0" encoding="UTF-8"?>
<!-- Generated by org.testng.reporters.JUnitReportReporter -->
<testsuite hostname="DESKTOP-8DL5CMK" failures="0" tests="8" name="API.JIRA" time="16.097" errors="0" timestamp="2022-03-14T14:20:18 IST" skipped="5">
  <testcase classname="API.JIRA" name="FillPassword" time="7.254"/>
  <system-out/>
  <testcase classname="API.JIRA" name="Get_Item" time="7.011"/>
  <system-out/>
  <testcase classname="API.JIRA" name="Search_Outlet_On_HomePage" time="1.832"/>
  <system-out/>
  <testcase classname="API.JIRA" name="Login">
    <skipped/>
  </testcase> <!-- Login -->
  <system-out/>
  <testcase classname="API.JIRA" name="Add_Attachment">
    <skipped/>
  </testcase> <!-- Add_Attachment -->
  <system-out/>
  <testcase classname="API.JIRA" name="AddIssue">
    <skipped/>
  </testcase> <!-- AddIssue -->
  <system-out/>
  <testcase classname="API.JIRA" name="Validate_Server">
    <skipped/>
  </testcase> <!-- Validate_Server -->
  <system-out/>
  <testcase classname="API.JIRA" name="Get_Token">
    <skipped/>
  </testcase> <!-- Get_Token -->
  <system-out/>
</testsuite> <!-- API.JIRA -->
