<?xml version="1.0" encoding="UTF-8"?>
<!-- Generated by org.testng.reporters.JUnitReportReporter -->
<testsuite hostname="DESKTOP-8DL5CMK" failures="0" tests="6" name="API.BATSE" time="27.570" errors="0" timestamp="2022-03-14T18:12:58 IST" skipped="0">
  <testcase classname="API.BATSE" name="Search_Outlet_On_HomePage" time="1.596"/>
  <system-out/>
  <testcase classname="API.BATSE" name="Get_Item" time="9.964"/>
  <system-out/>
  <testcase classname="API.BATSE" name="Login" time="2.836"/>
  <system-out/>
  <testcase classname="API.BATSE" name="FillPassword" time="7.238"/>
  <system-out/>
  <testcase classname="API.BATSE" name="Validate_Server" time="2.661"/>
  <system-out/>
  <testcase classname="API.BATSE" name="Get_Token" time="3.275"/>
  <system-out/>
</testsuite> <!-- API.BATSE -->
