<?xml version="1.0" encoding="UTF-8"?>
<!-- Generated by org.testng.reporters.JUnitReportReporter -->
<testsuite hostname="DESKTOP-8DL5CMK" failures="0" tests="15" name="Script.scenarios_User" time="201.451" errors="0" timestamp="2022-02-18T15:57:36 IST" skipped="3">
  <testcase classname="Script.scenarios_User" name="Check_Transaction" time="4.452"/>
  <system-out/>
  <testcase classname="Script.scenarios_User" name="CancelRequestByUser" time="18.496"/>
  <system-out/>
  <testcase classname="Script.scenarios_User" name="TrackingStatus" time="0.001"/>
  <system-out/>
  <testcase classname="Script.scenarios_User" name="OrderHistory" time="0.002"/>
  <system-out/>
  <testcase classname="Script.scenarios_User" name="TestInt" time="0.030"/>
  <system-out/>
  <testcase classname="Script.scenarios_User" name="MakeOrderFromBanner" time="0.014"/>
  <system-out/>
  <testcase classname="Script.scenarios_User" name="TransactionStatus" time="0.002"/>
  <system-out/>
  <testcase classname="Script.scenarios_User" name="MakeOrderFromCart" time="0.002"/>
  <system-out/>
  <testcase classname="Script.scenarios_User" name="Order_History" time="10.353"/>
  <system-out/>
  <testcase classname="Script.scenarios_User" name="Profile" time="0.004"/>
  <system-out/>
  <testcase classname="Script.scenarios_User" name="MakeOrderFromCategories" time="0.007"/>
  <system-out/>
  <testcase classname="Script.scenarios_User" name="MakeOrder_AllCustomozation1portion_CurrentLocation" time="168.088"/>
  <system-out/>
  <testcase classname="Script.scenarios_User" name="Rider_Delivered">
    <skipped/>
  </testcase> <!-- Rider_Delivered -->
  <system-out/>
  <testcase classname="Script.scenarios_User" name="MakeOrder_1C1P_CurrentLocation">
    <skipped/>
  </testcase> <!-- MakeOrder_1C1P_CurrentLocation -->
  <system-out/>
  <testcase classname="Script.scenarios_User" name="DispatchOrder">
    <skipped/>
  </testcase> <!-- DispatchOrder -->
  <system-out/>
</testsuite> <!-- Script.scenarios_User -->
