<?xml version="1.0" encoding="UTF-8"?>
<!-- Generated by org.testng.reporters.JUnitReportReporter -->
<testsuite hostname="DESKTOP-8DL5CMK" failures="0" tests="2" name="Script.scenarios_User" time="260.326" errors="0" timestamp="2022-01-04T17:03:09 IST" skipped="0">
  <testcase classname="Script.scenarios_User" name="MakeOrder" time="198.317"/>
  <system-out/>
  <testcase classname="Script.scenarios_User" name="DispatchOrder" time="62.009"/>
  <system-out/>
</testsuite> <!-- Script.scenarios_User -->
